2026-06-30 11:23:30 - Starting DestinationApplication using Java 21.0.4 with PID 10744 (C:\Users\Hanrol\Desktop\Codigos\Duoc\FullStack 1\Examen Transversal\destination\target\classes started by Hanrol in C:\Users\Hanrol\Desktop\Codigos\Duoc\FullStack 1\Examen Transversal\destination)
2026-06-30 11:23:30 - Running with Spring Boot v4.0.7, Spring v7.0.8
2026-06-30 11:23:30 - No active profile set, falling back to 1 default profile: "default"
2026-06-30 11:23:33 - Bootstrapping Spring Data JPA repositories in DEFAULT mode.
2026-06-30 11:23:33 - Finished Spring Data repository scanning in 247 ms. Found 3 JPA repository interfaces.
2026-06-30 11:23:34 - BeanFactory id=45702e2e-4439-3328-9df1-69f8c5b7ddfa
2026-06-30 11:23:35 - Tomcat initialized with port 9001 (http)
2026-06-30 11:23:35 - Starting service [Tomcat]
2026-06-30 11:23:35 - Starting Servlet engine: [Apache Tomcat/11.0.22]
2026-06-30 11:23:35 - Root WebApplicationContext: initialization completed in 4135 ms
2026-06-30 11:23:35 - HikariPool-1 - Starting...
2026-06-30 11:23:36 - HikariPool-1 - Added connection com.mysql.cj.jdbc.ConnectionImpl@74faf450
2026-06-30 11:23:36 - HikariPool-1 - Start completed.
2026-06-30 11:23:36 - Database: jdbc:mysql://localhost:3311/destination (MySQL 8.0)
2026-06-30 11:23:37 - Schema history table `destination`.`flyway_schema_history` does not exist yet
2026-06-30 11:23:37 - Successfully validated 2 migrations (execution time 00:00.041s)
2026-06-30 11:23:37 - Creating Schema History table `destination`.`flyway_schema_history` ...
2026-06-30 11:23:37 - Current version of schema `destination`: << Empty Schema >>
2026-06-30 11:23:37 - Migrating schema `destination` to version "1 - create destination tables"
2026-06-30 11:23:37 - Migrating schema `destination` to version "2 - insert destination data"
2026-06-30 11:23:37 - Successfully applied 2 migrations to schema `destination`, now at version v2 (execution time 00:00.376s)
2026-06-30 11:23:38 - HHH008540: Processing PersistenceUnitInfo [name: default]
2026-06-30 11:23:38 - HHH000001: Hibernate ORM core version 7.2.19.Final
2026-06-30 11:23:38 - No LoadTimeWeaver setup: ignoring JPA class transformer
2026-06-30 11:23:38 - HHH90000025: MySQLDialect does not need to be specified explicitly using 'hibernate.dialect' (remove the property setting and it will be selected by default)
2026-06-30 11:23:38 - HHH10001005: Database info:
	Database JDBC URL [jdbc:mysql://localhost:3311/destination]
	Database driver: MySQL Connector/J
	Database dialect: MySQLDialect
	Database version: 8.0.45
	Default catalog/schema: destination/undefined
	Autocommit mode: undefined/unknown
	Isolation level: REPEATABLE_READ [default REPEATABLE_READ]
	JDBC fetch size: none
	Pool: DataSourceConnectionProvider
	Minimum pool size: undefined/unknown
	Maximum pool size: undefined/unknown
2026-06-30 11:23:40 - HHH000489: No JTA platform available (set 'hibernate.transaction.jta.platform' to enable JTA platform integration)
2026-06-30 11:23:40 - Initialized JPA EntityManagerFactory for persistence unit 'default'
2026-06-30 11:23:40 - Hibernate is in classpath; If applicable, HQL parser will be used.
2026-06-30 11:23:40 - spring.jpa.open-in-view is enabled by default. Therefore, database queries may be performed during view rendering. Explicitly configure spring.jpa.open-in-view to disable this warning
2026-06-30 11:23:41 - 

Using generated security password: c8fe4442-4837-4944-9089-3399e8a76ad6

This generated password is for development use only. Your security configuration must be updated before running your application in production.

2026-06-30 11:23:41 - Global AuthenticationManager configured with UserDetailsService bean with name inMemoryUserDetailsManager
2026-06-30 11:23:43 - Eureka HTTP Client uses RestClient.
2026-06-30 11:23:43 - Spring Cloud LoadBalancer is currently working with the default cache. While this cache implementation is useful for development and tests, it's recommended to use Caffeine cache in production.You can switch to using Caffeine cache, by adding it and org.springframework.cache.caffeine.CaffeineCacheManager to the classpath.
2026-06-30 11:23:43 - Exposing 2 endpoints beneath base path '/actuator'
2026-06-30 11:23:43 - Setting initial instance status as: STARTING
2026-06-30 11:23:43 - Initializing Eureka in region us-east-1
2026-06-30 11:23:43 - Resolving eureka endpoints via configuration
2026-06-30 11:23:43 - Disable delta property : false
2026-06-30 11:23:43 - Single vip registry refresh property : null
2026-06-30 11:23:43 - Force full registry fetch : false
2026-06-30 11:23:43 - Application is null : false
2026-06-30 11:23:43 - Registered Applications size is zero : true
2026-06-30 11:23:43 - Application version is -1: true
2026-06-30 11:23:43 - Getting all instance registry info from the eureka server
2026-06-30 11:23:43 - The response status is 200
2026-06-30 11:23:43 - Starting heartbeat executor: renew interval is: 30
2026-06-30 11:23:43 - InstanceInfoReplicator onDemand update allowed rate per min is 4
2026-06-30 11:23:43 - Discovery Client initialized at timestamp 1782833023710 with initial instances count: 1
2026-06-30 11:23:43 - Registering application DESTINATION with eureka with status UP
2026-06-30 11:23:43 - Saw local status change event StatusChangeEvent [timestamp=1782833023717, current=UP, previous=STARTING]
2026-06-30 11:23:43 - DiscoveryClient_DESTINATION/Hanrol-PC:destination:9001: registering service...
2026-06-30 11:23:43 - Tomcat started on port 9001 (http) with context path '/'
2026-06-30 11:23:43 - Updating port to 9001
2026-06-30 11:23:43 - DiscoveryClient_DESTINATION/Hanrol-PC:destination:9001 - registration status: 204
2026-06-30 11:23:43 - Started DestinationApplication in 13.624 seconds (process running for 14.82)
2026-06-30 11:23:43 - SpringDoc /v3/api-docs endpoint is enabled by default. To disable it in production, set the property 'springdoc.api-docs.enabled=false'
2026-06-30 11:23:43 - SpringDoc /index.html endpoint is enabled by default. To disable it in production, set the property 'springdoc.swagger-ui.enabled=false'
2026-06-30 11:23:45 - Initializing Spring DispatcherServlet 'dispatcherServlet'
2026-06-30 11:23:45 - Initializing Servlet 'dispatcherServlet'
2026-06-30 11:23:45 - Completed initialization in 3 ms
2026-06-30 11:28:43 - Resolving eureka endpoints via configuration
2026-06-30 11:33:43 - Resolving eureka endpoints via configuration
2026-06-30 11:38:43 - Resolving eureka endpoints via configuration
2026-06-30 11:43:43 - Resolving eureka endpoints via configuration
2026-06-30 11:45:07 - Starting DestinationApplication using Java 21.0.4 with PID 10732 (C:\Users\Hanrol\Desktop\Codigos\Duoc\FullStack 1\Examen Transversal\destination\target\classes started by Hanrol in C:\Users\Hanrol\Desktop\Codigos\Duoc\FullStack 1\Examen Transversal\destination)
2026-06-30 11:45:07 - Running with Spring Boot v4.0.7, Spring v7.0.8
2026-06-30 11:45:07 - No active profile set, falling back to 1 default profile: "default"
2026-06-30 11:45:09 - Bootstrapping Spring Data JPA repositories in DEFAULT mode.
2026-06-30 11:45:10 - Finished Spring Data repository scanning in 208 ms. Found 3 JPA repository interfaces.
2026-06-30 11:45:10 - BeanFactory id=45702e2e-4439-3328-9df1-69f8c5b7ddfa
2026-06-30 11:45:11 - Tomcat initialized with port 9001 (http)
2026-06-30 11:45:11 - Starting service [Tomcat]
2026-06-30 11:45:11 - Starting Servlet engine: [Apache Tomcat/11.0.22]
2026-06-30 11:45:11 - Root WebApplicationContext: initialization completed in 4197 ms
2026-06-30 11:45:12 - HikariPool-1 - Starting...
2026-06-30 11:45:13 - HikariPool-1 - Added connection com.mysql.cj.jdbc.ConnectionImpl@728535c6
2026-06-30 11:45:13 - HikariPool-1 - Start completed.
2026-06-30 11:45:13 - Database: jdbc:mysql://localhost:3311/destination (MySQL 8.0)
2026-06-30 11:45:14 - Successfully validated 2 migrations (execution time 00:00.077s)
2026-06-30 11:45:14 - Current version of schema `destination`: 2
2026-06-30 11:45:14 - Schema `destination` is up to date. No migration necessary.
2026-06-30 11:45:14 - HHH008540: Processing PersistenceUnitInfo [name: default]
2026-06-30 11:45:14 - HHH000001: Hibernate ORM core version 7.2.19.Final
2026-06-30 11:45:15 - No LoadTimeWeaver setup: ignoring JPA class transformer
2026-06-30 11:45:15 - HHH90000025: MySQLDialect does not need to be specified explicitly using 'hibernate.dialect' (remove the property setting and it will be selected by default)
2026-06-30 11:45:15 - HHH10001005: Database info:
	Database JDBC URL [jdbc:mysql://localhost:3311/destination]
	Database driver: MySQL Connector/J
	Database dialect: MySQLDialect
	Database version: 8.0.45
	Default catalog/schema: destination/undefined
	Autocommit mode: undefined/unknown
	Isolation level: REPEATABLE_READ [default REPEATABLE_READ]
	JDBC fetch size: none
	Pool: DataSourceConnectionProvider
	Minimum pool size: undefined/unknown
	Maximum pool size: undefined/unknown
2026-06-30 11:45:17 - HHH000489: No JTA platform available (set 'hibernate.transaction.jta.platform' to enable JTA platform integration)
2026-06-30 11:45:17 - Initialized JPA EntityManagerFactory for persistence unit 'default'
2026-06-30 11:45:17 - Hibernate is in classpath; If applicable, HQL parser will be used.
2026-06-30 11:45:18 - spring.jpa.open-in-view is enabled by default. Therefore, database queries may be performed during view rendering. Explicitly configure spring.jpa.open-in-view to disable this warning
2026-06-30 11:45:18 - 

Using generated security password: 7c8a772d-28ed-4830-a935-04ff2987a227

This generated password is for development use only. Your security configuration must be updated before running your application in production.

2026-06-30 11:45:18 - Global AuthenticationManager configured with UserDetailsService bean with name inMemoryUserDetailsManager
2026-06-30 11:45:20 - Eureka HTTP Client uses RestClient.
2026-06-30 11:45:20 - Spring Cloud LoadBalancer is currently working with the default cache. While this cache implementation is useful for development and tests, it's recommended to use Caffeine cache in production.You can switch to using Caffeine cache, by adding it and org.springframework.cache.caffeine.CaffeineCacheManager to the classpath.
2026-06-30 11:45:20 - Exposing 2 endpoints beneath base path '/actuator'
2026-06-30 11:45:20 - Setting initial instance status as: STARTING
2026-06-30 11:45:20 - Initializing Eureka in region us-east-1
2026-06-30 11:45:20 - Resolving eureka endpoints via configuration
2026-06-30 11:45:20 - Disable delta property : false
2026-06-30 11:45:20 - Single vip registry refresh property : null
2026-06-30 11:45:20 - Force full registry fetch : false
2026-06-30 11:45:20 - Application is null : false
2026-06-30 11:45:20 - Registered Applications size is zero : true
2026-06-30 11:45:20 - Application version is -1: true
2026-06-30 11:45:20 - Getting all instance registry info from the eureka server
2026-06-30 11:45:21 - The response status is 200
2026-06-30 11:45:21 - Starting heartbeat executor: renew interval is: 30
2026-06-30 11:45:21 - InstanceInfoReplicator onDemand update allowed rate per min is 4
2026-06-30 11:45:21 - Discovery Client initialized at timestamp 1782834321294 with initial instances count: 5
2026-06-30 11:45:21 - Registering application DESTINATION with eureka with status UP
2026-06-30 11:45:21 - Saw local status change event StatusChangeEvent [timestamp=1782834321302, current=UP, previous=STARTING]
2026-06-30 11:45:21 - DiscoveryClient_DESTINATION/Hanrol-PC:destination:9001: registering service...
2026-06-30 11:45:21 - Tomcat started on port 9001 (http) with context path '/'
2026-06-30 11:45:21 - Updating port to 9001
2026-06-30 11:45:21 - DiscoveryClient_DESTINATION/Hanrol-PC:destination:9001 - registration status: 204
2026-06-30 11:45:21 - Started DestinationApplication in 14.672 seconds (process running for 15.962)
2026-06-30 11:45:21 - SpringDoc /v3/api-docs endpoint is enabled by default. To disable it in production, set the property 'springdoc.api-docs.enabled=false'
2026-06-30 11:45:21 - SpringDoc /index.html endpoint is enabled by default. To disable it in production, set the property 'springdoc.swagger-ui.enabled=false'
2026-06-30 11:46:01 - Starting DestinationApplication using Java 21.0.4 with PID 16424 (C:\Users\Hanrol\Desktop\Codigos\Duoc\FullStack 1\Examen Transversal\destination\target\classes started by Hanrol in C:\Users\Hanrol\Desktop\Codigos\Duoc\FullStack 1\Examen Transversal\destination)
2026-06-30 11:46:01 - Running with Spring Boot v4.0.7, Spring v7.0.8
2026-06-30 11:46:01 - No active profile set, falling back to 1 default profile: "default"
2026-06-30 11:46:04 - Bootstrapping Spring Data JPA repositories in DEFAULT mode.
2026-06-30 11:46:04 - Finished Spring Data repository scanning in 229 ms. Found 3 JPA repository interfaces.
2026-06-30 11:46:05 - BeanFactory id=45702e2e-4439-3328-9df1-69f8c5b7ddfa
2026-06-30 11:46:05 - Tomcat initialized with port 9001 (http)
2026-06-30 11:46:05 - Starting service [Tomcat]
2026-06-30 11:46:05 - Starting Servlet engine: [Apache Tomcat/11.0.22]
2026-06-30 11:46:05 - Root WebApplicationContext: initialization completed in 3901 ms
2026-06-30 11:46:06 - HikariPool-1 - Starting...
2026-06-30 11:46:07 - HikariPool-1 - Added connection com.mysql.cj.jdbc.ConnectionImpl@766db6f9
2026-06-30 11:46:07 - HikariPool-1 - Start completed.
2026-06-30 11:46:07 - Database: jdbc:mysql://localhost:3311/destination (MySQL 8.0)
2026-06-30 11:46:08 - Successfully validated 2 migrations (execution time 00:00.056s)
2026-06-30 11:46:08 - Current version of schema `destination`: 2
2026-06-30 11:46:08 - Schema `destination` is up to date. No migration necessary.
2026-06-30 11:46:08 - HHH008540: Processing PersistenceUnitInfo [name: default]
2026-06-30 11:46:08 - HHH000001: Hibernate ORM core version 7.2.19.Final
2026-06-30 11:46:08 - No LoadTimeWeaver setup: ignoring JPA class transformer
2026-06-30 11:46:09 - HHH90000025: MySQLDialect does not need to be specified explicitly using 'hibernate.dialect' (remove the property setting and it will be selected by default)
2026-06-30 11:46:09 - HHH10001005: Database info:
	Database JDBC URL [jdbc:mysql://localhost:3311/destination]
	Database driver: MySQL Connector/J
	Database dialect: MySQLDialect
	Database version: 8.0.45
	Default catalog/schema: destination/undefined
	Autocommit mode: undefined/unknown
	Isolation level: REPEATABLE_READ [default REPEATABLE_READ]
	JDBC fetch size: none
	Pool: DataSourceConnectionProvider
	Minimum pool size: undefined/unknown
	Maximum pool size: undefined/unknown
2026-06-30 11:46:10 - HHH000489: No JTA platform available (set 'hibernate.transaction.jta.platform' to enable JTA platform integration)
2026-06-30 11:46:10 - Initialized JPA EntityManagerFactory for persistence unit 'default'
2026-06-30 11:46:10 - Hibernate is in classpath; If applicable, HQL parser will be used.
2026-06-30 11:46:10 - spring.jpa.open-in-view is enabled by default. Therefore, database queries may be performed during view rendering. Explicitly configure spring.jpa.open-in-view to disable this warning
2026-06-30 11:46:11 - 

Using generated security password: 9d8d9677-c326-4c1e-bafe-f0f2a89d8127

This generated password is for development use only. Your security configuration must be updated before running your application in production.

2026-06-30 11:46:11 - Global AuthenticationManager configured with UserDetailsService bean with name inMemoryUserDetailsManager
2026-06-30 11:46:12 - Eureka HTTP Client uses RestClient.
2026-06-30 11:46:12 - Spring Cloud LoadBalancer is currently working with the default cache. While this cache implementation is useful for development and tests, it's recommended to use Caffeine cache in production.You can switch to using Caffeine cache, by adding it and org.springframework.cache.caffeine.CaffeineCacheManager to the classpath.
2026-06-30 11:46:12 - Exposing 2 endpoints beneath base path '/actuator'
2026-06-30 11:46:12 - Setting initial instance status as: STARTING
2026-06-30 11:46:12 - Initializing Eureka in region us-east-1
2026-06-30 11:46:12 - Resolving eureka endpoints via configuration
2026-06-30 11:46:12 - Disable delta property : false
2026-06-30 11:46:12 - Single vip registry refresh property : null
2026-06-30 11:46:12 - Force full registry fetch : false
2026-06-30 11:46:12 - Application is null : false
2026-06-30 11:46:12 - Registered Applications size is zero : true
2026-06-30 11:46:12 - Application version is -1: true
2026-06-30 11:46:12 - Getting all instance registry info from the eureka server
2026-06-30 11:46:13 - Initializing Spring DispatcherServlet 'dispatcherServlet'
2026-06-30 11:46:13 - Initializing Servlet 'dispatcherServlet'
2026-06-30 11:46:13 - Completed initialization in 5 ms
2026-06-30 11:46:13 - The response status is 200
2026-06-30 11:46:13 - Starting heartbeat executor: renew interval is: 30
2026-06-30 11:46:13 - InstanceInfoReplicator onDemand update allowed rate per min is 4
2026-06-30 11:46:13 - Discovery Client initialized at timestamp 1782834373531 with initial instances count: 5
2026-06-30 11:46:13 - Registering application DESTINATION with eureka with status UP
2026-06-30 11:46:13 - Saw local status change event StatusChangeEvent [timestamp=1782834373539, current=UP, previous=STARTING]
2026-06-30 11:46:13 - DiscoveryClient_DESTINATION/Hanrol-PC:destination:9001: registering service...
2026-06-30 11:46:13 - Tomcat started on port 9001 (http) with context path '/'
2026-06-30 11:46:13 - Updating port to 9001
2026-06-30 11:46:13 - DiscoveryClient_DESTINATION/Hanrol-PC:destination:9001 - registration status: 204
2026-06-30 11:46:13 - Started DestinationApplication in 12.384 seconds (process running for 13.644)
2026-06-30 11:46:13 - SpringDoc /v3/api-docs endpoint is enabled by default. To disable it in production, set the property 'springdoc.api-docs.enabled=false'
2026-06-30 11:46:13 - SpringDoc /index.html endpoint is enabled by default. To disable it in production, set the property 'springdoc.swagger-ui.enabled=false'
2026-06-30 11:51:12 - Resolving eureka endpoints via configuration
