2026-06-30 11:23:06 - Starting LoginApplication using Java 21.0.4 with PID 4396 (C:\Users\Hanrol\Desktop\Codigos\Duoc\FullStack 1\Examen Transversal\login\target\classes started by Hanrol in C:\Users\Hanrol\Desktop\Codigos\Duoc\FullStack 1\Examen Transversal\login)
2026-06-30 11:23:06 - Running with Spring Boot v4.0.6, Spring v7.0.7
2026-06-30 11:23:06 - No active profile set, falling back to 1 default profile: "default"
2026-06-30 11:23:08 - Bootstrapping Spring Data JPA repositories in DEFAULT mode.
2026-06-30 11:23:08 - Finished Spring Data repository scanning in 199 ms. Found 1 JPA repository interface.
2026-06-30 11:23:09 - BeanFactory id=1035db71-1641-324a-86ec-a77f4429c750
2026-06-30 11:23:10 - Tomcat initialized with port 9000 (http)
2026-06-30 11:23:10 - Starting service [Tomcat]
2026-06-30 11:23:10 - Starting Servlet engine: [Apache Tomcat/11.0.21]
2026-06-30 11:23:10 - Root WebApplicationContext: initialization completed in 3795 ms
2026-06-30 11:23:11 - HikariPool-1 - Starting...
2026-06-30 11:23:11 - HikariPool-1 - Added connection com.mysql.cj.jdbc.ConnectionImpl@7c8f803d
2026-06-30 11:23:11 - HikariPool-1 - Start completed.
2026-06-30 11:23:11 - Database: jdbc:mysql://localhost:3310/login (MySQL 8.0)
2026-06-30 11:23:12 - Schema history table `login`.`flyway_schema_history` does not exist yet
2026-06-30 11:23:12 - Successfully validated 2 migrations (execution time 00:00.042s)
2026-06-30 11:23:12 - Creating Schema History table `login`.`flyway_schema_history` ...
2026-06-30 11:23:12 - Current version of schema `login`: << Empty Schema >>
2026-06-30 11:23:12 - Migrating schema `login` to version "1 - create users table"
2026-06-30 11:23:12 - Migrating schema `login` to version "2 - insert users"
2026-06-30 11:23:12 - Successfully applied 2 migrations to schema `login`, now at version v2 (execution time 00:00.117s)
2026-06-30 11:23:12 - HHH008540: Processing PersistenceUnitInfo [name: default]
2026-06-30 11:23:13 - HHH000001: Hibernate ORM core version 7.2.12.Final
2026-06-30 11:23:13 - No LoadTimeWeaver setup: ignoring JPA class transformer
2026-06-30 11:23:13 - HHH90000025: MySQLDialect does not need to be specified explicitly using 'hibernate.dialect' (remove the property setting and it will be selected by default)
2026-06-30 11:23:13 - HHH10001005: Database info:
	Database JDBC URL [jdbc:mysql://localhost:3310/login]
	Database driver: MySQL Connector/J
	Database dialect: MySQLDialect
	Database version: 8.0.45
	Default catalog/schema: login/undefined
	Autocommit mode: undefined/unknown
	Isolation level: REPEATABLE_READ [default REPEATABLE_READ]
	JDBC fetch size: none
	Pool: DataSourceConnectionProvider
	Minimum pool size: undefined/unknown
	Maximum pool size: undefined/unknown
2026-06-30 11:23:14 - HHH000489: No JTA platform available (set 'hibernate.transaction.jta.platform' to enable JTA platform integration)
2026-06-30 11:23:14 - Initialized JPA EntityManagerFactory for persistence unit 'default'
2026-06-30 11:23:15 - Hibernate is in classpath; If applicable, HQL parser will be used.
2026-06-30 11:23:15 - spring.jpa.open-in-view is enabled by default. Therefore, database queries may be performed during view rendering. Explicitly configure spring.jpa.open-in-view to disable this warning
2026-06-30 11:23:15 - 

Using generated security password: 833ce783-29fe-4ab4-b878-c67eb6aaa25a

This generated password is for development use only. Your security configuration must be updated before running your application in production.

2026-06-30 11:23:15 - Global AuthenticationManager configured with UserDetailsService bean with name inMemoryUserDetailsManager
2026-06-30 11:23:17 - Eureka HTTP Client uses RestClient.
2026-06-30 11:23:17 - Spring Cloud LoadBalancer is currently working with the default cache. While this cache implementation is useful for development and tests, it's recommended to use Caffeine cache in production.You can switch to using Caffeine cache, by adding it and org.springframework.cache.caffeine.CaffeineCacheManager to the classpath.
2026-06-30 11:23:17 - Exposing 2 endpoints beneath base path '/actuator'
2026-06-30 11:23:17 - Initializing Spring DispatcherServlet 'dispatcherServlet'
2026-06-30 11:23:17 - Initializing Servlet 'dispatcherServlet'
2026-06-30 11:23:17 - Completed initialization in 3 ms
2026-06-30 11:23:17 - Setting initial instance status as: STARTING
2026-06-30 11:23:17 - Initializing Eureka in region us-east-1
2026-06-30 11:23:17 - Resolving eureka endpoints via configuration
2026-06-30 11:23:17 - Disable delta property : false
2026-06-30 11:23:17 - Single vip registry refresh property : null
2026-06-30 11:23:17 - Force full registry fetch : false
2026-06-30 11:23:17 - Application is null : false
2026-06-30 11:23:17 - Registered Applications size is zero : true
2026-06-30 11:23:17 - Application version is -1: true
2026-06-30 11:23:17 - Getting all instance registry info from the eureka server
2026-06-30 11:23:18 - The response status is 200
2026-06-30 11:23:18 - Starting heartbeat executor: renew interval is: 30
2026-06-30 11:23:18 - InstanceInfoReplicator onDemand update allowed rate per min is 4
2026-06-30 11:23:18 - Discovery Client initialized at timestamp 1782832998294 with initial instances count: 0
2026-06-30 11:23:18 - Registering application LOGIN with eureka with status UP
2026-06-30 11:23:18 - Saw local status change event StatusChangeEvent [timestamp=1782832998300, current=UP, previous=STARTING]
2026-06-30 11:23:18 - DiscoveryClient_LOGIN/Hanrol-PC:login:9000: registering service...
2026-06-30 11:23:18 - Tomcat started on port 9000 (http) with context path '/'
2026-06-30 11:23:18 - Updating port to 9000
2026-06-30 11:23:18 - Started LoginApplication in 12.909 seconds (process running for 14.11)
2026-06-30 11:23:18 - SpringDoc /v3/api-docs endpoint is enabled by default. To disable it in production, set the property 'springdoc.api-docs.enabled=false'
2026-06-30 11:23:18 - SpringDoc /index.html endpoint is enabled by default. To disable it in production, set the property 'springdoc.swagger-ui.enabled=false'
2026-06-30 11:23:18 - DiscoveryClient_LOGIN/Hanrol-PC:login:9000 - registration status: 204
2026-06-30 11:23:48 - Disable delta property : false
2026-06-30 11:23:48 - Single vip registry refresh property : null
2026-06-30 11:23:48 - Force full registry fetch : false
2026-06-30 11:23:48 - Application is null : false
2026-06-30 11:23:48 - Registered Applications size is zero : true
2026-06-30 11:23:48 - Application version is -1: false
2026-06-30 11:23:48 - Getting all instance registry info from the eureka server
2026-06-30 11:23:48 - The response status is 200
2026-06-30 11:28:17 - Resolving eureka endpoints via configuration
2026-06-30 11:28:58 - Encoded password does not look like BCrypt
2026-06-30 11:33:17 - Resolving eureka endpoints via configuration
2026-06-30 11:38:17 - Resolving eureka endpoints via configuration
2026-06-30 11:43:17 - Resolving eureka endpoints via configuration
2026-06-30 11:48:17 - Resolving eureka endpoints via configuration
