2026-06-30 11:23:59 - Starting TravelerApplication using Java 21.0.4 with PID 3504 (C:\Users\Hanrol\Desktop\Codigos\Duoc\FullStack 1\Examen Transversal\traveler\target\classes started by Hanrol in C:\Users\Hanrol\Desktop\Codigos\Duoc\FullStack 1\Examen Transversal\traveler)
2026-06-30 11:23:59 - Running with Spring Boot v4.0.7, Spring v7.0.8
2026-06-30 11:23:59 - No active profile set, falling back to 1 default profile: "default"
2026-06-30 11:24:02 - Bootstrapping Spring Data JPA repositories in DEFAULT mode.
2026-06-30 11:24:02 - Finished Spring Data repository scanning in 183 ms. Found 2 JPA repository interfaces.
2026-06-30 11:24:02 - BeanFactory id=bcf3484e-ad94-35b6-b9c4-42448149e16e
2026-06-30 11:24:03 - Tomcat initialized with port 9002 (http)
2026-06-30 11:24:03 - Starting service [Tomcat]
2026-06-30 11:24:03 - Starting Servlet engine: [Apache Tomcat/11.0.22]
2026-06-30 11:24:03 - Root WebApplicationContext: initialization completed in 3992 ms
2026-06-30 11:24:04 - HikariPool-1 - Starting...
2026-06-30 11:24:05 - HikariPool-1 - Added connection com.mysql.cj.jdbc.ConnectionImpl@244f356
2026-06-30 11:24:05 - HikariPool-1 - Start completed.
2026-06-30 11:24:05 - Database: jdbc:mysql://localhost:3312/traveler (MySQL 8.0)
2026-06-30 11:24:05 - Schema history table `traveler`.`flyway_schema_history` does not exist yet
2026-06-30 11:24:05 - Successfully validated 1 migration (execution time 00:00.037s)
2026-06-30 11:24:05 - Creating Schema History table `traveler`.`flyway_schema_history` ...
2026-06-30 11:24:06 - Current version of schema `traveler`: << Empty Schema >>
2026-06-30 11:24:06 - Migrating schema `traveler` to version "1 - create trips tables"
2026-06-30 11:24:06 - Successfully applied 1 migration to schema `traveler`, now at version v1 (execution time 00:00.176s)
2026-06-30 11:24:06 - HHH008540: Processing PersistenceUnitInfo [name: default]
2026-06-30 11:24:06 - HHH000001: Hibernate ORM core version 7.2.19.Final
2026-06-30 11:24:07 - No LoadTimeWeaver setup: ignoring JPA class transformer
2026-06-30 11:24:07 - HHH90000025: MySQLDialect does not need to be specified explicitly using 'hibernate.dialect' (remove the property setting and it will be selected by default)
2026-06-30 11:24:07 - HHH10001005: Database info:
	Database JDBC URL [jdbc:mysql://localhost:3312/traveler]
	Database driver: MySQL Connector/J
	Database dialect: MySQLDialect
	Database version: 8.0.45
	Default catalog/schema: traveler/undefined
	Autocommit mode: undefined/unknown
	Isolation level: REPEATABLE_READ [default REPEATABLE_READ]
	JDBC fetch size: none
	Pool: DataSourceConnectionProvider
	Minimum pool size: undefined/unknown
	Maximum pool size: undefined/unknown
2026-06-30 11:24:08 - HHH000489: No JTA platform available (set 'hibernate.transaction.jta.platform' to enable JTA platform integration)
2026-06-30 11:24:08 - Initialized JPA EntityManagerFactory for persistence unit 'default'
2026-06-30 11:24:08 - Hibernate is in classpath; If applicable, HQL parser will be used.
2026-06-30 11:24:09 - spring.jpa.open-in-view is enabled by default. Therefore, database queries may be performed during view rendering. Explicitly configure spring.jpa.open-in-view to disable this warning
2026-06-30 11:24:09 - 

Using generated security password: ac9176dd-1dc0-4a18-a5fb-13cf9327a5ca

This generated password is for development use only. Your security configuration must be updated before running your application in production.

2026-06-30 11:24:09 - Global AuthenticationManager configured with UserDetailsService bean with name inMemoryUserDetailsManager
2026-06-30 11:24:10 - Initializing Spring DispatcherServlet 'dispatcherServlet'
2026-06-30 11:24:10 - Initializing Servlet 'dispatcherServlet'
2026-06-30 11:24:10 - Obtaining singleton bean 'webEndpointServletHandlerMapping' in thread "RMI TCP Connection(2)-127.0.0.1" while other thread holds singleton lock for other beans [simpleDiscoveryClient, simpleDiscoveryProperties, compositeDiscoveryClient]
2026-06-30 11:24:10 - Exposing 2 endpoints beneath base path '/actuator'
2026-06-30 11:24:10 - Completed initialization in 21 ms
2026-06-30 11:24:10 - Eureka HTTP Client uses RestClient.
2026-06-30 11:24:10 - Spring Cloud LoadBalancer is currently working with the default cache. While this cache implementation is useful for development and tests, it's recommended to use Caffeine cache in production.You can switch to using Caffeine cache, by adding it and org.springframework.cache.caffeine.CaffeineCacheManager to the classpath.
2026-06-30 11:24:11 - Setting initial instance status as: STARTING
2026-06-30 11:24:11 - Initializing Eureka in region us-east-1
2026-06-30 11:24:11 - Resolving eureka endpoints via configuration
2026-06-30 11:24:11 - Disable delta property : false
2026-06-30 11:24:11 - Single vip registry refresh property : null
2026-06-30 11:24:11 - Force full registry fetch : false
2026-06-30 11:24:11 - Application is null : false
2026-06-30 11:24:11 - Registered Applications size is zero : true
2026-06-30 11:24:11 - Application version is -1: true
2026-06-30 11:24:11 - Getting all instance registry info from the eureka server
2026-06-30 11:24:11 - The response status is 200
2026-06-30 11:24:11 - Starting heartbeat executor: renew interval is: 30
2026-06-30 11:24:11 - InstanceInfoReplicator onDemand update allowed rate per min is 4
2026-06-30 11:24:11 - Discovery Client initialized at timestamp 1782833051560 with initial instances count: 2
2026-06-30 11:24:11 - Registering application TRAVELER with eureka with status UP
2026-06-30 11:24:11 - Saw local status change event StatusChangeEvent [timestamp=1782833051569, current=UP, previous=STARTING]
2026-06-30 11:24:11 - DiscoveryClient_TRAVELER/Hanrol-PC:traveler:9002: registering service...
2026-06-30 11:24:11 - Tomcat started on port 9002 (http) with context path '/'
2026-06-30 11:24:11 - Updating port to 9002
2026-06-30 11:24:11 - DiscoveryClient_TRAVELER/Hanrol-PC:traveler:9002 - registration status: 204
2026-06-30 11:24:11 - Started TravelerApplication in 12.751 seconds (process running for 13.962)
2026-06-30 11:24:11 - SpringDoc /v3/api-docs endpoint is enabled by default. To disable it in production, set the property 'springdoc.api-docs.enabled=false'
2026-06-30 11:24:11 - SpringDoc /index.html endpoint is enabled by default. To disable it in production, set the property 'springdoc.swagger-ui.enabled=false'
2026-06-30 11:29:11 - Resolving eureka endpoints via configuration
2026-06-30 11:34:11 - Resolving eureka endpoints via configuration
2026-06-30 11:39:11 - Resolving eureka endpoints via configuration
2026-06-30 11:44:11 - Resolving eureka endpoints via configuration
2026-06-30 11:49:11 - Resolving eureka endpoints via configuration
